{"/Users/eugen/Sites/lad-tech/sqlk/src/deleteSoft.ts": {"path":"/Users/eugen/Sites/lad-tech/sqlk/src/deleteSoft.ts","statementMap":{"0":{"start":{"line":2,"column":0},"end":{"line":2,"column":34}},"1":{"start":{"line":3,"column":0},"end":{"line":3,"column":36}},"2":{"start":{"line":5,"column":26},"end":{"line":22,"column":1}},"3":{"start":{"line":6,"column":13},"end":{"line":6,"column":26}},"4":{"start":{"line":7,"column":18},"end":{"line":7,"column":33}},"5":{"start":{"line":8,"column":15},"end":{"line":11,"column":4}},"6":{"start":{"line":12,"column":2},"end":{"line":17,"column":null}},"7":{"start":{"line":13,"column":4},"end":{"line":16,"column":6}},"8":{"start":{"line":18,"column":2},"end":{"line":18,"column":23}},"9":{"start":{"line":19,"column":2},"end":{"line":19,"column":46}},"10":{"start":{"line":20,"column":14},"end":{"line":20,"column":60}},"11":{"start":{"line":21,"column":2},"end":{"line":21,"column":19}},"12":{"start":{"line":5,"column":13},"end":{"line":5,"column":26}}},"fnMap":{"0":{"name":"(anonymous_0)","decl":{"start":{"line":5,"column":26},"end":{"line":5,"column":27}},"loc":{"start":{"line":5,"column":88},"end":{"line":22,"column":1}}}},"branchMap":{"0":{"loc":{"start":{"line":12,"column":2},"end":{"line":17,"column":null}},"type":"if","locations":[{"start":{"line":12,"column":2},"end":{"line":17,"column":null}}]},"1":{"loc":{"start":{"line":12,"column":6},"end":{"line":12,"column":44}},"type":"binary-expr","locations":[{"start":{"line":12,"column":6},"end":{"line":12,"column":25}},{"start":{"line":12,"column":29},"end":{"line":12,"column":44}}]},"2":{"loc":{"start":{"line":20,"column":14},"end":{"line":20,"column":60}},"type":"cond-expr","locations":[{"start":{"line":20,"column":32},"end":{"line":20,"column":45}},{"start":{"line":20,"column":48},"end":{"line":20,"column":60}}]},"3":{"loc":{"start":{"line":21,"column":9},"end":{"line":21,"column":18}},"type":"binary-expr","locations":[{"start":{"line":21,"column":9},"end":{"line":21,"column":12}},{"start":{"line":21,"column":16},"end":{"line":21,"column":18}}]}},"s":{"0":1,"1":1,"2":1,"3":4,"4":4,"5":4,"6":4,"7":3,"8":4,"9":4,"10":4,"11":4,"12":1},"f":{"0":4},"b":{"0":[3],"1":[4,3],"2":[2,2],"3":[4,0]}}
,"/Users/eugen/Sites/lad-tech/sqlk/src/update.ts": {"path":"/Users/eugen/Sites/lad-tech/sqlk/src/update.ts","statementMap":{"0":{"start":{"line":1,"column":0},"end":{"line":1,"column":44}},"1":{"start":{"line":2,"column":0},"end":{"line":2,"column":59}},"2":{"start":{"line":3,"column":0},"end":{"line":3,"column":44}},"3":{"start":{"line":6,"column":22},"end":{"line":17,"column":1}},"4":{"start":{"line":7,"column":28},"end":{"line":7,"column":32}},"5":{"start":{"line":8,"column":20},"end":{"line":8,"column":64}},"6":{"start":{"line":9,"column":21},"end":{"line":9,"column":55}},"7":{"start":{"line":10,"column":2},"end":{"line":10,"column":44}},"8":{"start":{"line":10,"column":27},"end":{"line":10,"column":44}},"9":{"start":{"line":12,"column":13},"end":{"line":12,"column":21}},"10":{"start":{"line":13,"column":20},"end":{"line":13,"column":30}},"11":{"start":{"line":14,"column":18},"end":{"line":14,"column":51}},"12":{"start":{"line":15,"column":21},"end":{"line":15,"column":82}},"13":{"start":{"line":15,"column":52},"end":{"line":15,"column":71}},"14":{"start":{"line":16,"column":2},"end":{"line":16,"column":78}},"15":{"start":{"line":6,"column":13},"end":{"line":6,"column":22}}},"fnMap":{"0":{"name":"(anonymous_0)","decl":{"start":{"line":6,"column":22},"end":{"line":6,"column":23}},"loc":{"start":{"line":6,"column":66},"end":{"line":17,"column":1}}},"1":{"name":"(anonymous_1)","decl":{"start":{"line":15,"column":32},"end":{"line":15,"column":33}},"loc":{"start":{"line":15,"column":52},"end":{"line":15,"column":71}}}},"branchMap":{"0":{"loc":{"start":{"line":8,"column":20},"end":{"line":8,"column":64}},"type":"binary-expr","locations":[{"start":{"line":8,"column":20},"end":{"line":8,"column":34}},{"start":{"line":8,"column":38},"end":{"line":8,"column":64}}]},"1":{"loc":{"start":{"line":10,"column":2},"end":{"line":10,"column":44}},"type":"if","locations":[{"start":{"line":10,"column":2},"end":{"line":10,"column":44}}]}},"s":{"0":1,"1":1,"2":1,"3":1,"4":2,"5":2,"6":2,"7":2,"8":0,"9":2,"10":2,"11":2,"12":2,"13":5,"14":2,"15":1},"f":{"0":2,"1":5},"b":{"0":[2,2],"1":[0]}}
,"/Users/eugen/Sites/lad-tech/sqlk/src/upsert.ts": {"path":"/Users/eugen/Sites/lad-tech/sqlk/src/upsert.ts","statementMap":{"0":{"start":{"line":1,"column":0},"end":{"line":1,"column":44}},"1":{"start":{"line":4,"column":22},"end":{"line":15,"column":1}},"2":{"start":{"line":5,"column":20},"end":{"line":5,"column":24}},"3":{"start":{"line":6,"column":38},"end":{"line":6,"column":51}},"4":{"start":{"line":7,"column":15},"end":{"line":7,"column":112}},"5":{"start":{"line":9,"column":2},"end":{"line":12,"column":null}},"6":{"start":{"line":10,"column":23},"end":{"line":10,"column":82}},"7":{"start":{"line":10,"column":52},"end":{"line":10,"column":71}},"8":{"start":{"line":11,"column":4},"end":{"line":11,"column":72}},"9":{"start":{"line":14,"column":2},"end":{"line":14,"column":16}},"10":{"start":{"line":4,"column":13},"end":{"line":4,"column":22}}},"fnMap":{"0":{"name":"(anonymous_0)","decl":{"start":{"line":4,"column":22},"end":{"line":4,"column":23}},"loc":{"start":{"line":4,"column":50},"end":{"line":15,"column":1}}},"1":{"name":"(anonymous_1)","decl":{"start":{"line":10,"column":34},"end":{"line":10,"column":35}},"loc":{"start":{"line":10,"column":52},"end":{"line":10,"column":71}}}},"branchMap":{"0":{"loc":{"start":{"line":9,"column":2},"end":{"line":12,"column":null}},"type":"if","locations":[{"start":{"line":9,"column":2},"end":{"line":12,"column":null}}]}},"s":{"0":1,"1":1,"2":2,"3":2,"4":2,"5":2,"6":2,"7":6,"8":2,"9":2,"10":1},"f":{"0":2,"1":6},"b":{"0":[2]}}
,"/Users/eugen/Sites/lad-tech/sqlk/src/upsert2.ts": {"path":"/Users/eugen/Sites/lad-tech/sqlk/src/upsert2.ts","statementMap":{"0":{"start":{"line":1,"column":0},"end":{"line":1,"column":34}},"1":{"start":{"line":2,"column":0},"end":{"line":2,"column":44}},"2":{"start":{"line":5,"column":23},"end":{"line":7,"column":1}},"3":{"start":{"line":6,"column":2},"end":{"line":6,"column":31}},"4":{"start":{"line":5,"column":13},"end":{"line":5,"column":23}}},"fnMap":{"0":{"name":"(anonymous_0)","decl":{"start":{"line":5,"column":23},"end":{"line":5,"column":24}},"loc":{"start":{"line":5,"column":55},"end":{"line":7,"column":1}}}},"branchMap":{},"s":{"0":1,"1":1,"2":1,"3":2,"4":1},"f":{"0":2},"b":{}}
,"/Users/eugen/Sites/lad-tech/sqlk/src/helpers/adapter.ts": {"path":"/Users/eugen/Sites/lad-tech/sqlk/src/helpers/adapter.ts","statementMap":{"0":{"start":{"line":4,"column":23},"end":{"line":16,"column":1}},"1":{"start":{"line":5,"column":39},"end":{"line":5,"column":41}},"2":{"start":{"line":6,"column":2},"end":{"line":9,"column":null}},"3":{"start":{"line":7,"column":4},"end":{"line":7,"column":125}},"4":{"start":{"line":7,"column":36},"end":{"line":7,"column":125}},"5":{"start":{"line":8,"column":4},"end":{"line":8,"column":44}},"6":{"start":{"line":11,"column":2},"end":{"line":15,"column":4}},"7":{"start":{"line":4,"column":13},"end":{"line":4,"column":23}}},"fnMap":{"0":{"name":"(anonymous_0)","decl":{"start":{"line":4,"column":23},"end":{"line":4,"column":24}},"loc":{"start":{"line":4,"column":91},"end":{"line":16,"column":1}}}},"branchMap":{"0":{"loc":{"start":{"line":7,"column":4},"end":{"line":7,"column":125}},"type":"if","locations":[{"start":{"line":7,"column":4},"end":{"line":7,"column":125}}]}},"s":{"0":1,"1":4,"2":4,"3":11,"4":0,"5":11,"6":4,"7":1},"f":{"0":4},"b":{"0":[0]}}
,"/Users/eugen/Sites/lad-tech/sqlk/src/helpers/collector.ts": {"path":"/Users/eugen/Sites/lad-tech/sqlk/src/helpers/collector.ts","statementMap":{"0":{"start":{"line":12,"column":26},"end":{"line":12,"column":28}},"1":{"start":{"line":15,"column":19},"end":{"line":15,"column":42}},"2":{"start":{"line":16,"column":4},"end":{"line":16,"column":24}},"3":{"start":{"line":20,"column":4},"end":{"line":20,"column":23}},"4":{"start":{"line":11,"column":0},"end":{"line":11,"column":13}},"5":{"start":{"line":27,"column":4},"end":{"line":27,"column":61}},"6":{"start":{"line":27,"column":47},"end":{"line":27,"column":61}},"7":{"start":{"line":28,"column":4},"end":{"line":28,"column":44}},"8":{"start":{"line":32,"column":4},"end":{"line":32,"column":14}},"9":{"start":{"line":25,"column":0},"end":{"line":25,"column":13}}},"fnMap":{"0":{"name":"(anonymous_0)","decl":{"start":{"line":14,"column":2},"end":{"line":14,"column":7}},"loc":{"start":{"line":14,"column":36},"end":{"line":17,"column":3}}},"1":{"name":"(anonymous_1)","decl":{"start":{"line":19,"column":2},"end":{"line":19,"column":11}},"loc":{"start":{"line":19,"column":11},"end":{"line":21,"column":3}}},"2":{"name":"(anonymous_2)","decl":{"start":{"line":26,"column":2},"end":{"line":26,"column":7}},"loc":{"start":{"line":26,"column":36},"end":{"line":29,"column":3}}},"3":{"name":"(anonymous_3)","decl":{"start":{"line":31,"column":2},"end":{"line":31,"column":11}},"loc":{"start":{"line":31,"column":11},"end":{"line":33,"column":3}}}},"branchMap":{"0":{"loc":{"start":{"line":27,"column":4},"end":{"line":27,"column":61}},"type":"if","locations":[{"start":{"line":27,"column":4},"end":{"line":27,"column":61}}]},"1":{"loc":{"start":{"line":27,"column":8},"end":{"line":27,"column":45}},"type":"binary-expr","locations":[{"start":{"line":27,"column":8},"end":{"line":27,"column":22}},{"start":{"line":27,"column":26},"end":{"line":27,"column":45}}]},"2":{"loc":{"start":{"line":28,"column":11},"end":{"line":28,"column":43}},"type":"cond-expr","locations":[{"start":{"line":28,"column":23},"end":{"line":28,"column":35}},{"start":{"line":28,"column":38},"end":{"line":28,"column":43}}]}},"s":{"0":1,"1":2,"2":2,"3":0,"4":1,"5":7,"6":0,"7":7,"8":0,"9":1},"f":{"0":2,"1":0,"2":7,"3":0},"b":{"0":[0],"1":[7,7],"2":[7,0]}}
,"/Users/eugen/Sites/lad-tech/sqlk/src/helpers/converter.ts": {"path":"/Users/eugen/Sites/lad-tech/sqlk/src/helpers/converter.ts","statementMap":{"0":{"start":{"line":3,"column":34},"end":{"line":25,"column":2}},"1":{"start":{"line":8,"column":20},"end":{"line":8,"column":24}},"2":{"start":{"line":11,"column":25},"end":{"line":11,"column":78}},"3":{"start":{"line":18,"column":24},"end":{"line":18,"column":45}},"4":{"start":{"line":22,"column":24},"end":{"line":22,"column":44}},"5":{"start":{"line":27,"column":25},"end":{"line":37,"column":1}},"6":{"start":{"line":28,"column":17},"end":{"line":28,"column":30}},"7":{"start":{"line":29,"column":2},"end":{"line":29,"column":85}},"8":{"start":{"line":29,"column":15},"end":{"line":29,"column":85}},"9":{"start":{"line":30,"column":31},"end":{"line":30,"column":37}},"10":{"start":{"line":31,"column":2},"end":{"line":36,"column":4}},"11":{"start":{"line":33,"column":6},"end":{"line":33,"column":46}},"12":{"start":{"line":27,"column":13},"end":{"line":27,"column":25}}},"fnMap":{"0":{"name":"(anonymous_0)","decl":{"start":{"line":8,"column":13},"end":{"line":8,"column":14}},"loc":{"start":{"line":8,"column":20},"end":{"line":8,"column":24}}},"1":{"name":"(anonymous_1)","decl":{"start":{"line":11,"column":13},"end":{"line":11,"column":14}},"loc":{"start":{"line":11,"column":25},"end":{"line":11,"column":78}}},"2":{"name":"(anonymous_2)","decl":{"start":{"line":18,"column":13},"end":{"line":18,"column":14}},"loc":{"start":{"line":18,"column":24},"end":{"line":18,"column":45}}},"3":{"name":"(anonymous_3)","decl":{"start":{"line":22,"column":13},"end":{"line":22,"column":14}},"loc":{"start":{"line":22,"column":24},"end":{"line":22,"column":44}}},"4":{"name":"(anonymous_4)","decl":{"start":{"line":27,"column":25},"end":{"line":27,"column":26}},"loc":{"start":{"line":27,"column":58},"end":{"line":37,"column":1}}},"5":{"name":"(anonymous_5)","decl":{"start":{"line":32,"column":13},"end":{"line":32,"column":14}},"loc":{"start":{"line":32,"column":33},"end":{"line":34,"column":5}}}},"branchMap":{"0":{"loc":{"start":{"line":11,"column":25},"end":{"line":11,"column":78}},"type":"cond-expr","locations":[{"start":{"line":11,"column":44},"end":{"line":11,"column":71}},{"start":{"line":11,"column":74},"end":{"line":11,"column":78}}]},"1":{"loc":{"start":{"line":29,"column":2},"end":{"line":29,"column":85}},"type":"if","locations":[{"start":{"line":29,"column":2},"end":{"line":29,"column":85}}]},"2":{"loc":{"start":{"line":33,"column":13},"end":{"line":33,"column":45}},"type":"cond-expr","locations":[{"start":{"line":33,"column":23},"end":{"line":33,"column":37}},{"start":{"line":33,"column":40},"end":{"line":33,"column":45}}]}},"s":{"0":1,"1":0,"2":0,"3":0,"4":0,"5":1,"6":11,"7":11,"8":0,"9":11,"10":11,"11":11,"12":1},"f":{"0":0,"1":0,"2":0,"3":0,"4":11,"5":11},"b":{"0":[0,0],"1":[0],"2":[0,11]}}
,"/Users/eugen/Sites/lad-tech/sqlk/src/helpers/prepare.ts": {"path":"/Users/eugen/Sites/lad-tech/sqlk/src/helpers/prepare.ts","statementMap":{"0":{"start":{"line":2,"column":0},"end":{"line":2,"column":51}},"1":{"start":{"line":3,"column":0},"end":{"line":3,"column":40}},"2":{"start":{"line":5,"column":23},"end":{"line":36,"column":1}},"3":{"start":{"line":6,"column":2},"end":{"line":6,"column":68}},"4":{"start":{"line":6,"column":29},"end":{"line":6,"column":68}},"5":{"start":{"line":8,"column":18},"end":{"line":8,"column":20}},"6":{"start":{"line":9,"column":24},"end":{"line":9,"column":26}},"7":{"start":{"line":10,"column":48},"end":{"line":10,"column":50}},"8":{"start":{"line":11,"column":2},"end":{"line":11,"column":54}},"9":{"start":{"line":14,"column":2},"end":{"line":33,"column":null}},"10":{"start":{"line":15,"column":4},"end":{"line":15,"column":38}},"11":{"start":{"line":15,"column":24},"end":{"line":15,"column":38}},"12":{"start":{"line":16,"column":22},"end":{"line":16,"column":27}},"13":{"start":{"line":18,"column":23},"end":{"line":18,"column":47}},"14":{"start":{"line":19,"column":23},"end":{"line":19,"column":58}},"15":{"start":{"line":21,"column":20},"end":{"line":21,"column":35}},"16":{"start":{"line":22,"column":4},"end":{"line":22,"column":37}},"17":{"start":{"line":23,"column":4},"end":{"line":25,"column":null}},"18":{"start":{"line":24,"column":6},"end":{"line":24,"column":54}},"19":{"start":{"line":26,"column":4},"end":{"line":29,"column":null}},"20":{"start":{"line":27,"column":6},"end":{"line":27,"column":31}},"21":{"start":{"line":28,"column":6},"end":{"line":28,"column":26}},"22":{"start":{"line":30,"column":4},"end":{"line":32,"column":null}},"23":{"start":{"line":31,"column":6},"end":{"line":31,"column":42}},"24":{"start":{"line":35,"column":2},"end":{"line":35,"column":37}},"25":{"start":{"line":5,"column":13},"end":{"line":5,"column":23}}},"fnMap":{"0":{"name":"(anonymous_0)","decl":{"start":{"line":5,"column":23},"end":{"line":5,"column":24}},"loc":{"start":{"line":5,"column":122},"end":{"line":36,"column":1}}}},"branchMap":{"0":{"loc":{"start":{"line":5,"column":65},"end":{"line":5,"column":118}},"type":"default-arg","locations":[{"start":{"line":5,"column":98},"end":{"line":5,"column":118}}]},"1":{"loc":{"start":{"line":6,"column":2},"end":{"line":6,"column":68}},"type":"if","locations":[{"start":{"line":6,"column":2},"end":{"line":6,"column":68}}]},"2":{"loc":{"start":{"line":11,"column":14},"end":{"line":11,"column":53}},"type":"binary-expr","locations":[{"start":{"line":11,"column":14},"end":{"line":11,"column":23}},{"start":{"line":11,"column":27},"end":{"line":11,"column":53}}]},"3":{"loc":{"start":{"line":15,"column":4},"end":{"line":15,"column":38}},"type":"if","locations":[{"start":{"line":15,"column":4},"end":{"line":15,"column":38}}]},"4":{"loc":{"start":{"line":19,"column":23},"end":{"line":19,"column":58}},"type":"binary-expr","locations":[{"start":{"line":19,"column":23},"end":{"line":19,"column":30}},{"start":{"line":19,"column":34},"end":{"line":19,"column":58}}]},"5":{"loc":{"start":{"line":23,"column":4},"end":{"line":25,"column":null}},"type":"if","locations":[{"start":{"line":23,"column":4},"end":{"line":25,"column":null}}]},"6":{"loc":{"start":{"line":23,"column":8},"end":{"line":23,"column":52}},"type":"binary-expr","locations":[{"start":{"line":23,"column":9},"end":{"line":23,"column":19}},{"start":{"line":23,"column":23},"end":{"line":23,"column":33}},{"start":{"line":23,"column":38},"end":{"line":23,"column":52}}]},"7":{"loc":{"start":{"line":26,"column":4},"end":{"line":29,"column":null}},"type":"if","locations":[{"start":{"line":26,"column":4},"end":{"line":29,"column":null}}]},"8":{"loc":{"start":{"line":30,"column":4},"end":{"line":32,"column":null}},"type":"if","locations":[{"start":{"line":30,"column":4},"end":{"line":32,"column":null}}]}},"s":{"0":1,"1":1,"2":1,"3":4,"4":0,"5":4,"6":4,"7":4,"8":4,"9":4,"10":11,"11":0,"12":11,"13":11,"14":11,"15":11,"16":11,"17":11,"18":7,"19":11,"20":6,"21":6,"22":11,"23":11,"24":4,"25":1},"f":{"0":4},"b":{"0":[2],"1":[0],"2":[4,3],"3":[0],"4":[11,11],"5":[7],"6":[11,0,11],"7":[6],"8":[11]}}
}
