TN:
SF:src/deleteSoft.ts
FN:5,(anonymous_0)
FNF:1
FNH:1
FNDA:4,(anonymous_0)
DA:2,1
DA:3,1
DA:5,1
DA:6,4
DA:7,4
DA:8,4
DA:12,4
DA:13,3
DA:18,4
DA:19,4
DA:20,4
DA:21,4
LF:12
LH:12
BRDA:12,0,0,3
BRDA:12,1,0,4
BRDA:12,1,1,3
BRDA:20,2,0,2
BRDA:20,2,1,2
BRDA:21,3,0,4
BRDA:21,3,1,0
BRF:7
BRH:6
end_of_record
TN:
SF:src/update.ts
FN:6,(anonymous_0)
FN:15,(anonymous_1)
FNF:2
FNH:2
FNDA:2,(anonymous_0)
FNDA:5,(anonymous_1)
DA:1,1
DA:2,1
DA:3,1
DA:6,1
DA:7,2
DA:8,2
DA:9,2
DA:10,2
DA:12,2
DA:13,2
DA:14,2
DA:15,5
DA:16,2
LF:13
LH:13
BRDA:8,0,0,2
BRDA:8,0,1,2
BRDA:10,1,0,0
BRF:3
BRH:2
end_of_record
TN:
SF:src/upsert.ts
FN:4,(anonymous_0)
FN:10,(anonymous_1)
FNF:2
FNH:2
FNDA:2,(anonymous_0)
FNDA:6,(anonymous_1)
DA:1,1
DA:4,1
DA:5,2
DA:6,2
DA:7,2
DA:9,2
DA:10,6
DA:11,2
DA:14,2
LF:9
LH:9
BRDA:9,0,0,2
BRF:1
BRH:1
end_of_record
TN:
SF:src/upsert2.ts
FN:5,(anonymous_0)
FNF:1
FNH:1
FNDA:2,(anonymous_0)
DA:1,1
DA:2,1
DA:5,1
DA:6,2
LF:4
LH:4
BRF:0
BRH:0
end_of_record
TN:
SF:src/helpers/adapter.ts
FN:4,(anonymous_0)
FNF:1
FNH:1
FNDA:4,(anonymous_0)
DA:4,1
DA:5,4
DA:6,4
DA:7,11
DA:8,11
DA:11,4
LF:6
LH:6
BRDA:7,0,0,0
BRF:1
BRH:0
end_of_record
TN:
SF:src/helpers/collector.ts
FN:14,(anonymous_0)
FN:19,(anonymous_1)
FN:26,(anonymous_2)
FN:31,(anonymous_3)
FNF:4
FNH:2
FNDA:2,(anonymous_0)
FNDA:0,(anonymous_1)
FNDA:7,(anonymous_2)
FNDA:0,(anonymous_3)
DA:11,1
DA:12,1
DA:15,2
DA:16,2
DA:20,0
DA:25,1
DA:27,7
DA:28,7
DA:32,0
LF:9
LH:7
BRDA:27,0,0,0
BRDA:27,1,0,7
BRDA:27,1,1,7
BRDA:28,2,0,7
BRDA:28,2,1,0
BRF:5
BRH:3
end_of_record
TN:
SF:src/helpers/converter.ts
FN:8,(anonymous_0)
FN:11,(anonymous_1)
FN:18,(anonymous_2)
FN:22,(anonymous_3)
FN:27,(anonymous_4)
FN:32,(anonymous_5)
FNF:6
FNH:2
FNDA:0,(anonymous_0)
FNDA:0,(anonymous_1)
FNDA:0,(anonymous_2)
FNDA:0,(anonymous_3)
FNDA:11,(anonymous_4)
FNDA:11,(anonymous_5)
DA:3,1
DA:8,0
DA:11,0
DA:18,0
DA:22,0
DA:27,1
DA:28,11
DA:29,11
DA:30,11
DA:31,11
DA:33,11
LF:11
LH:7
BRDA:11,0,0,0
BRDA:11,0,1,0
BRDA:29,1,0,0
BRDA:33,2,0,0
BRDA:33,2,1,11
BRF:5
BRH:1
end_of_record
TN:
SF:src/helpers/prepare.ts
FN:5,(anonymous_0)
FNF:1
FNH:1
FNDA:4,(anonymous_0)
DA:2,1
DA:3,1
DA:5,1
DA:6,4
DA:8,4
DA:9,4
DA:10,4
DA:11,4
DA:14,4
DA:15,11
DA:16,11
DA:18,11
DA:19,11
DA:21,11
DA:22,11
DA:23,11
DA:24,7
DA:26,11
DA:27,6
DA:28,6
DA:30,11
DA:31,11
DA:35,4
LF:23
LH:23
BRDA:5,0,0,2
BRDA:6,1,0,0
BRDA:11,2,0,4
BRDA:11,2,1,3
BRDA:15,3,0,0
BRDA:19,4,0,11
BRDA:19,4,1,11
BRDA:23,5,0,7
BRDA:23,6,0,11
BRDA:23,6,1,0
BRDA:23,6,2,11
BRDA:26,7,0,6
BRDA:30,8,0,11
BRF:13
BRH:10
end_of_record
